0 info it worked if it ends with ok
1 verbose cli [ '/usr/local/bin/node', '/usr/local/bin/npm', 'start' ]
2 info using npm@4.1.2
3 info using node@v7.7.2
4 verbose run-script [ 'prestart', 'start', 'poststart' ]
5 info lifecycle mash-up-server@1.0.0~prestart: mash-up-server@1.0.0
6 verbose lifecycle mash-up-server@1.0.0~prestart: unsafe-perm in lifecycle true
7 verbose lifecycle mash-up-server@1.0.0~prestart: PATH: /usr/local/lib/node_modules/npm/bin/node-gyp-bin:/Users/HariKrishna/Documents/Hari/projects/mashUp/mash-up/mash-up-server/node_modules/.bin:/Users/HariKrishna/.rbenv/shims:~/.composer/vendor/bin:/usr/local/mysql/bin:/usr/local/bin:/usr/bin:/bin:/usr/sbin:/sbin:/Applications/DevDesktop/tools
8 verbose lifecycle mash-up-server@1.0.0~prestart: CWD: /Users/HariKrishna/Documents/Hari/projects/mashUp/mash-up/mash-up-server
9 silly lifecycle mash-up-server@1.0.0~prestart: Args: [ '-c', 'npm run -s build' ]
10 silly lifecycle mash-up-server@1.0.0~prestart: Returned: code: 0  signal: null
11 info lifecycle mash-up-server@1.0.0~start: mash-up-server@1.0.0
12 verbose lifecycle mash-up-server@1.0.0~start: unsafe-perm in lifecycle true
13 verbose lifecycle mash-up-server@1.0.0~start: PATH: /usr/local/lib/node_modules/npm/bin/node-gyp-bin:/Users/HariKrishna/Documents/Hari/projects/mashUp/mash-up/mash-up-server/node_modules/.bin:/Users/HariKrishna/.rbenv/shims:~/.composer/vendor/bin:/usr/local/mysql/bin:/usr/local/bin:/usr/bin:/bin:/usr/sbin:/sbin:/Applications/DevDesktop/tools
14 verbose lifecycle mash-up-server@1.0.0~start: CWD: /Users/HariKrishna/Documents/Hari/projects/mashUp/mash-up/mash-up-server
15 silly lifecycle mash-up-server@1.0.0~start: Args: [ '-c', 'node dist' ]
16 silly lifecycle mash-up-server@1.0.0~start: Returned: code: 1  signal: null
17 info lifecycle mash-up-server@1.0.0~start: Failed to exec start script
18 verbose stack Error: mash-up-server@1.0.0 start: `node dist`
18 verbose stack Exit status 1
18 verbose stack     at EventEmitter.<anonymous> (/usr/local/lib/node_modules/npm/lib/utils/lifecycle.js:279:16)
18 verbose stack     at emitTwo (events.js:106:13)
18 verbose stack     at EventEmitter.emit (events.js:194:7)
18 verbose stack     at ChildProcess.<anonymous> (/usr/local/lib/node_modules/npm/lib/utils/spawn.js:40:14)
18 verbose stack     at emitTwo (events.js:106:13)
18 verbose stack     at ChildProcess.emit (events.js:194:7)
18 verbose stack     at maybeClose (internal/child_process.js:899:16)
18 verbose stack     at Process.ChildProcess._handle.onexit (internal/child_process.js:226:5)
19 verbose pkgid mash-up-server@1.0.0
20 verbose cwd /Users/HariKrishna/Documents/Hari/projects/mashUp/mash-up/mash-up-server/src
21 error Darwin 16.4.0
22 error argv "/usr/local/bin/node" "/usr/local/bin/npm" "start"
23 error node v7.7.2
24 error npm  v4.1.2
25 error code ELIFECYCLE
26 error mash-up-server@1.0.0 start: `node dist`
26 error Exit status 1
27 error Failed at the mash-up-server@1.0.0 start script 'node dist'.
27 error Make sure you have the latest version of node.js and npm installed.
27 error If you do, this is most likely a problem with the mash-up-server package,
27 error not with npm itself.
27 error Tell the author that this fails on your system:
27 error     node dist
27 error You can get information on how to open an issue for this project with:
27 error     npm bugs mash-up-server
27 error Or if that isn't available, you can get their info via:
27 error     npm owner ls mash-up-server
27 error There is likely additional logging output above.
28 verbose exit [ 1, true ]
